<?xml version="1.0" encoding="UTF-8"?>
<!-- Generated by org.testng.reporters.JUnitReportReporter -->
<testsuite skipped="21" hostname="ATW-7005" name="com.altius.automation.Assignmoneycollector" tests="22" failures="0" timestamp="11 Apr 2019 06:39:51 GMT" time="22.177" errors="1">
  <testcase name="beforetest3" time="22.177" classname="com.altius.automation.Assignmoneycollector">
    <error type="org.openqa.selenium.NoSuchWindowException" message="no such window: target window already closed
from unknown error: web view not found
  (Session info: chrome=73.0.3683.103)
  (Driver info: chromedriver=2.45.615291 (ec3682e3c9061c10f26ea9e5cdcf3c53f3f74387),platform=Windows NT 6.1.7601 SP1 x86_64) (WARNING: The server did not provide any stacktrace information)
Command duration or timeout: 0 milliseconds
Build info: version: &#039;3.14.0&#039;, revision: &#039;aacccce0&#039;, time: &#039;2018-08-02T20:13:22.693Z&#039;
System info: host: &#039;ATW-7005&#039;, ip: &#039;192.168.0.247&#039;, os.name: &#039;Windows 7&#039;, os.arch: &#039;amd64&#039;, os.version: &#039;6.1&#039;, java.version: &#039;1.8.0_191&#039;
Driver info: org.openqa.selenium.chrome.ChromeDriver
Capabilities {acceptInsecureCerts: false, acceptSslCerts: false, applicationCacheEnabled: false, browserConnectionEnabled: false, browserName: chrome, chrome: {chromedriverVersion: 2.45.615291 (ec3682e3c9061c..., userDataDir: C:\Users\altius\AppData\Loc...}, cssSelectorsEnabled: true, databaseEnabled: false, goog:chromeOptions: {debuggerAddress: localhost:65098}, handlesAlerts: true, hasTouchScreen: false, javascriptEnabled: true, locationContextEnabled: true, mobileEmulationEnabled: false, nativeEvents: true, networkConnectionEnabled: false, pageLoadStrategy: normal, platform: XP, platformName: XP, proxy: Proxy(), rotatable: false, setWindowRect: true, strictFileInteractability: false, takesHeapSnapshot: true, takesScreenshot: true, timeouts: {implicit: 0, pageLoad: 300000, script: 30000}, unexpectedAlertBehaviour: ignore, unhandledPromptBehavior: ignore, version: 73.0.3683.103, webStorageEnabled: true}
Session ID: b64165b4b9e2f086b99349ce2ff97081
*** Element info: {Using=name, value=btnlogin}">
      <![CDATA[org.openqa.selenium.NoSuchWindowException: no such window: target window already closed
from unknown error: web view not found
  (Session info: chrome=73.0.3683.103)
  (Driver info: chromedriver=2.45.615291 (ec3682e3c9061c10f26ea9e5cdcf3c53f3f74387),platform=Windows NT 6.1.7601 SP1 x86_64) (WARNING: The server did not provide any stacktrace information)
Command duration or timeout: 0 milliseconds
Build info: version: '3.14.0', revision: 'aacccce0', time: '2018-08-02T20:13:22.693Z'
System info: host: 'ATW-7005', ip: '192.168.0.247', os.name: 'Windows 7', os.arch: 'amd64', os.version: '6.1', java.version: '1.8.0_191'
Driver info: org.openqa.selenium.chrome.ChromeDriver
Capabilities {acceptInsecureCerts: false, acceptSslCerts: false, applicationCacheEnabled: false, browserConnectionEnabled: false, browserName: chrome, chrome: {chromedriverVersion: 2.45.615291 (ec3682e3c9061c..., userDataDir: C:\Users\altius\AppData\Loc...}, cssSelectorsEnabled: true, databaseEnabled: false, goog:chromeOptions: {debuggerAddress: localhost:65098}, handlesAlerts: true, hasTouchScreen: false, javascriptEnabled: true, locationContextEnabled: true, mobileEmulationEnabled: false, nativeEvents: true, networkConnectionEnabled: false, pageLoadStrategy: normal, platform: XP, platformName: XP, proxy: Proxy(), rotatable: false, setWindowRect: true, strictFileInteractability: false, takesHeapSnapshot: true, takesScreenshot: true, timeouts: {implicit: 0, pageLoad: 300000, script: 30000}, unexpectedAlertBehaviour: ignore, unhandledPromptBehavior: ignore, version: 73.0.3683.103, webStorageEnabled: true}
Session ID: b64165b4b9e2f086b99349ce2ff97081
*** Element info: {Using=name, value=btnlogin}
at sun.reflect.NativeConstructorAccessorImpl.newInstance0(Native Method)
at sun.reflect.NativeConstructorAccessorImpl.newInstance(Unknown Source)
at sun.reflect.DelegatingConstructorAccessorImpl.newInstance(Unknown Source)
at java.lang.reflect.Constructor.newInstance(Unknown Source)
at org.openqa.selenium.remote.ErrorHandler.createThrowable(ErrorHandler.java:214)
at org.openqa.selenium.remote.ErrorHandler.throwIfResponseFailed(ErrorHandler.java:166)
at org.openqa.selenium.remote.http.JsonHttpResponseCodec.reconstructValue(JsonHttpResponseCodec.java:40)
at org.openqa.selenium.remote.http.AbstractHttpResponseCodec.decode(AbstractHttpResponseCodec.java:80)
at org.openqa.selenium.remote.http.AbstractHttpResponseCodec.decode(AbstractHttpResponseCodec.java:44)
at org.openqa.selenium.remote.HttpCommandExecutor.execute(HttpCommandExecutor.java:158)
at org.openqa.selenium.remote.service.DriverCommandExecutor.execute(DriverCommandExecutor.java:83)
at org.openqa.selenium.remote.RemoteWebDriver.execute(RemoteWebDriver.java:548)
at org.openqa.selenium.remote.RemoteWebDriver.findElement(RemoteWebDriver.java:322)
at org.openqa.selenium.remote.RemoteWebDriver.findElementByName(RemoteWebDriver.java:400)
at org.openqa.selenium.By$ByName.findElement(By.java:284)
at org.openqa.selenium.remote.RemoteWebDriver.findElement(RemoteWebDriver.java:314)
at com.altius.automation.Agreementandauctiondetails.beforetest3(Agreementandauctiondetails.java:72)
at sun.reflect.NativeMethodAccessorImpl.invoke0(Native Method)
at sun.reflect.NativeMethodAccessorImpl.invoke(Unknown Source)
at sun.reflect.DelegatingMethodAccessorImpl.invoke(Unknown Source)
at java.lang.reflect.Method.invoke(Unknown Source)
at org.testng.internal.MethodInvocationHelper.invokeMethod(MethodInvocationHelper.java:124)
at org.testng.internal.MethodInvocationHelper.invokeMethodConsideringTimeout(MethodInvocationHelper.java:59)
at org.testng.internal.Invoker.invokeConfigurationMethod(Invoker.java:455)
at org.testng.internal.Invoker.invokeConfigurations(Invoker.java:222)
at org.testng.internal.Invoker.invokeConfigurations(Invoker.java:142)
at org.testng.TestRunner.beforeRun(TestRunner.java:529)
at org.testng.TestRunner.run(TestRunner.java:497)
at org.testng.SuiteRunner.runTest(SuiteRunner.java:455)
at org.testng.SuiteRunner.runSequentially(SuiteRunner.java:450)
at org.testng.SuiteRunner.privateRun(SuiteRunner.java:415)
at org.testng.SuiteRunner.run(SuiteRunner.java:364)
at org.testng.SuiteRunnerWorker.runSuite(SuiteRunnerWorker.java:52)
at org.testng.SuiteRunnerWorker.run(SuiteRunnerWorker.java:84)
at org.testng.TestNG.runSuitesSequentially(TestNG.java:1208)
at org.testng.TestNG.runSuitesLocally(TestNG.java:1137)
at org.testng.TestNG.runSuites(TestNG.java:1049)
at org.testng.TestNG.run(TestNG.java:1017)
at org.testng.remote.AbstractRemoteTestNG.run(AbstractRemoteTestNG.java:114)
at org.testng.remote.RemoteTestNG.initAndRun(RemoteTestNG.java:251)
at org.testng.remote.RemoteTestNG.main(RemoteTestNG.java:77)
]]>
    </error>
  </testcase> <!-- beforetest3 -->
  <testcase name="groupadditionhover1" time="0.000" classname="com.altius.automation.Assignmoneycollector">
    <skipped/>
  </testcase> <!-- groupadditionhover1 -->
  <testcase name="fdrandpsdhover" time="0.000" classname="com.altius.automation.Assignmoneycollector">
    <skipped/>
  </testcase> <!-- fdrandpsdhover -->
  <testcase name="WithoutUNPW" time="0.000" classname="com.altius.automation.Assignmoneycollector">
    <skipped/>
  </testcase> <!-- WithoutUNPW -->
  <testcase name="editauctionhover" time="0.000" classname="com.altius.automation.Assignmoneycollector">
    <skipped/>
  </testcase> <!-- editauctionhover -->
  <testcase name="subscriberhover" time="0.000" classname="com.altius.automation.Assignmoneycollector">
    <skipped/>
  </testcase> <!-- subscriberhover -->
  <testcase name="trnsferaddtion" time="0.000" classname="com.altius.automation.Assignmoneycollector">
    <skipped/>
  </testcase> <!-- trnsferaddtion -->
  <testcase name="groupadditionhover" time="0.000" classname="com.altius.automation.Assignmoneycollector">
    <skipped/>
  </testcase> <!-- groupadditionhover -->
  <testcase name="Aadharaddition" time="0.000" classname="com.altius.automation.Assignmoneycollector">
    <skipped/>
  </testcase> <!-- Aadharaddition -->
  <testcase name="agreementauctiondetails" time="0.000" classname="com.altius.automation.Assignmoneycollector">
    <skipped/>
  </testcase> <!-- agreementauctiondetails -->
  <testcase name="addfdrandpsodetails" time="0.000" classname="com.altius.automation.Assignmoneycollector">
    <skipped/>
  </testcase> <!-- addfdrandpsodetails -->
  <testcase name="suggestfornewgroup" time="0.000" classname="com.altius.automation.Assignmoneycollector">
    <skipped/>
  </testcase> <!-- suggestfornewgroup -->
  <testcase name="groupaddition" time="0.000" classname="com.altius.automation.Assignmoneycollector">
    <skipped/>
  </testcase> <!-- groupaddition -->
  <testcase name="suggestforapproval" time="0.000" classname="com.altius.automation.Assignmoneycollector">
    <skipped/>
  </testcase> <!-- suggestforapproval -->
  <testcase name="assignmoneycollector" time="0.000" classname="com.altius.automation.Assignmoneycollector">
    <skipped/>
  </testcase> <!-- assignmoneycollector -->
  <testcase name="wrongUN" time="0.000" classname="com.altius.automation.Assignmoneycollector">
    <skipped/>
  </testcase> <!-- wrongUN -->
  <testcase name="wrongPW" time="0.000" classname="com.altius.automation.Assignmoneycollector">
    <skipped/>
  </testcase> <!-- wrongPW -->
  <testcase name="wrongUNPW" time="0.000" classname="com.altius.automation.Assignmoneycollector">
    <skipped/>
  </testcase> <!-- wrongUNPW -->
  <testcase name="OnlyCorrectUN" time="0.000" classname="com.altius.automation.Assignmoneycollector">
    <skipped/>
  </testcase> <!-- OnlyCorrectUN -->
  <testcase name="OnlycorrectPW" time="0.000" classname="com.altius.automation.Assignmoneycollector">
    <skipped/>
  </testcase> <!-- OnlycorrectPW -->
  <testcase name="branchname" time="0.000" classname="com.altius.automation.Assignmoneycollector">
    <skipped/>
  </testcase> <!-- branchname -->
  <testcase name="OnlyCorrectUNPW" time="0.000" classname="com.altius.automation.Assignmoneycollector">
    <skipped/>
  </testcase> <!-- OnlyCorrectUNPW -->
</testsuite> <!-- com.altius.automation.Assignmoneycollector -->
