<?xml version="1.0" encoding="UTF-8"?>
<!-- Generated by org.testng.reporters.JUnitReportReporter -->
<testsuite skipped="18" hostname="ATW-7005" name="com.altius.automation.Suggestfornewgroup" tests="19" failures="0" timestamp="12 Apr 2019 04:50:00 GMT" time="7.317" errors="1">
  <testcase name="beforetest2" time="7.317" classname="com.altius.automation.Suggestfornewgroup">
    <error type="org.openqa.selenium.SessionNotCreatedException" message="session not created
from disconnected: received Inspector.detached event
  (Session info: chrome=73.0.3683.103)
  (Driver info: chromedriver=2.45.615291 (ec3682e3c9061c10f26ea9e5cdcf3c53f3f74387),platform=Windows NT 6.1.7601 SP1 x86_64) (WARNING: The server did not provide any stacktrace information)
Command duration or timeout: 6.70 seconds
Build info: version: &#039;3.14.0&#039;, revision: &#039;aacccce0&#039;, time: &#039;2018-08-02T20:13:22.693Z&#039;
System info: host: &#039;ATW-7005&#039;, ip: &#039;192.168.0.247&#039;, os.name: &#039;Windows 7&#039;, os.arch: &#039;amd64&#039;, os.version: &#039;6.1&#039;, java.version: &#039;1.8.0_191&#039;
Driver info: driver.version: ChromeDriver">
      <![CDATA[org.openqa.selenium.SessionNotCreatedException: session not created
from disconnected: received Inspector.detached event
  (Session info: chrome=73.0.3683.103)
  (Driver info: chromedriver=2.45.615291 (ec3682e3c9061c10f26ea9e5cdcf3c53f3f74387),platform=Windows NT 6.1.7601 SP1 x86_64) (WARNING: The server did not provide any stacktrace information)
Command duration or timeout: 6.70 seconds
Build info: version: '3.14.0', revision: 'aacccce0', time: '2018-08-02T20:13:22.693Z'
System info: host: 'ATW-7005', ip: '192.168.0.247', os.name: 'Windows 7', os.arch: 'amd64', os.version: '6.1', java.version: '1.8.0_191'
Driver info: driver.version: ChromeDriver
at sun.reflect.NativeConstructorAccessorImpl.newInstance0(Native Method)
at sun.reflect.NativeConstructorAccessorImpl.newInstance(Unknown Source)
at sun.reflect.DelegatingConstructorAccessorImpl.newInstance(Unknown Source)
at java.lang.reflect.Constructor.newInstance(Unknown Source)
at org.openqa.selenium.remote.ErrorHandler.createThrowable(ErrorHandler.java:214)
at org.openqa.selenium.remote.ErrorHandler.throwIfResponseFailed(ErrorHandler.java:166)
at org.openqa.selenium.remote.JsonWireProtocolResponse.lambda$new$0(JsonWireProtocolResponse.java:53)
at org.openqa.selenium.remote.JsonWireProtocolResponse.lambda$getResponseFunction$2(JsonWireProtocolResponse.java:91)
at org.openqa.selenium.remote.ProtocolHandshake.lambda$createSession$0(ProtocolHandshake.java:122)
at java.util.stream.ReferencePipeline$3$1.accept(Unknown Source)
at java.util.Spliterators$ArraySpliterator.tryAdvance(Unknown Source)
at java.util.stream.ReferencePipeline.forEachWithCancel(Unknown Source)
at java.util.stream.AbstractPipeline.copyIntoWithCancel(Unknown Source)
at java.util.stream.AbstractPipeline.copyInto(Unknown Source)
at java.util.stream.AbstractPipeline.wrapAndCopyInto(Unknown Source)
at java.util.stream.FindOps$FindOp.evaluateSequential(Unknown Source)
at java.util.stream.AbstractPipeline.evaluate(Unknown Source)
at java.util.stream.ReferencePipeline.findFirst(Unknown Source)
at org.openqa.selenium.remote.ProtocolHandshake.createSession(ProtocolHandshake.java:125)
at org.openqa.selenium.remote.ProtocolHandshake.createSession(ProtocolHandshake.java:73)
at org.openqa.selenium.remote.HttpCommandExecutor.execute(HttpCommandExecutor.java:136)
at org.openqa.selenium.remote.service.DriverCommandExecutor.execute(DriverCommandExecutor.java:83)
at org.openqa.selenium.remote.RemoteWebDriver.execute(RemoteWebDriver.java:548)
at org.openqa.selenium.remote.RemoteWebDriver.startSession(RemoteWebDriver.java:212)
at org.openqa.selenium.remote.RemoteWebDriver.<init>(RemoteWebDriver.java:130)
at org.openqa.selenium.chrome.ChromeDriver.<init>(ChromeDriver.java:181)
at org.openqa.selenium.chrome.ChromeDriver.<init>(ChromeDriver.java:168)
at org.openqa.selenium.chrome.ChromeDriver.<init>(ChromeDriver.java:123)
at com.altius.automation.Addfdrandpsodetails.beforetest2(Addfdrandpsodetails.java:31)
at sun.reflect.NativeMethodAccessorImpl.invoke0(Native Method)
at sun.reflect.NativeMethodAccessorImpl.invoke(Unknown Source)
at sun.reflect.DelegatingMethodAccessorImpl.invoke(Unknown Source)
at java.lang.reflect.Method.invoke(Unknown Source)
at org.testng.internal.MethodInvocationHelper.invokeMethod(MethodInvocationHelper.java:124)
at org.testng.internal.MethodInvocationHelper.invokeMethodConsideringTimeout(MethodInvocationHelper.java:59)
at org.testng.internal.Invoker.invokeConfigurationMethod(Invoker.java:455)
at org.testng.internal.Invoker.invokeConfigurations(Invoker.java:222)
at org.testng.internal.Invoker.invokeConfigurations(Invoker.java:142)
at org.testng.TestRunner.beforeRun(TestRunner.java:529)
at org.testng.TestRunner.run(TestRunner.java:497)
at org.testng.SuiteRunner.runTest(SuiteRunner.java:455)
at org.testng.SuiteRunner.runSequentially(SuiteRunner.java:450)
at org.testng.SuiteRunner.privateRun(SuiteRunner.java:415)
at org.testng.SuiteRunner.run(SuiteRunner.java:364)
at org.testng.SuiteRunnerWorker.runSuite(SuiteRunnerWorker.java:52)
at org.testng.SuiteRunnerWorker.run(SuiteRunnerWorker.java:84)
at org.testng.TestNG.runSuitesSequentially(TestNG.java:1208)
at org.testng.TestNG.runSuitesLocally(TestNG.java:1137)
at org.testng.TestNG.runSuites(TestNG.java:1049)
at org.testng.TestNG.run(TestNG.java:1017)
at org.testng.remote.AbstractRemoteTestNG.run(AbstractRemoteTestNG.java:114)
at org.testng.remote.RemoteTestNG.initAndRun(RemoteTestNG.java:251)
at org.testng.remote.RemoteTestNG.main(RemoteTestNG.java:77)
]]>
    </error>
  </testcase> <!-- beforetest2 -->
  <testcase name="groupadditionhover1" time="0.000" classname="com.altius.automation.Suggestfornewgroup">
    <skipped/>
  </testcase> <!-- groupadditionhover1 -->
  <testcase name="WithoutUNPW" time="0.000" classname="com.altius.automation.Suggestfornewgroup">
    <skipped/>
  </testcase> <!-- WithoutUNPW -->
  <testcase name="fdrandpsdhover" time="0.000" classname="com.altius.automation.Suggestfornewgroup">
    <skipped/>
  </testcase> <!-- fdrandpsdhover -->
  <testcase name="editauctionhover1" time="0.000" classname="com.altius.automation.Suggestfornewgroup">
    <skipped/>
  </testcase> <!-- editauctionhover1 -->
  <testcase name="groupadditionhover" time="0.000" classname="com.altius.automation.Suggestfornewgroup">
    <skipped/>
  </testcase> <!-- groupadditionhover -->
  <testcase name="subscriberhover" time="0.000" classname="com.altius.automation.Suggestfornewgroup">
    <skipped/>
  </testcase> <!-- subscriberhover -->
  <testcase name="Aadharaddition" time="0.000" classname="com.altius.automation.Suggestfornewgroup">
    <skipped/>
  </testcase> <!-- Aadharaddition -->
  <testcase name="agreementauctiondetails" time="0.000" classname="com.altius.automation.Suggestfornewgroup">
    <skipped/>
  </testcase> <!-- agreementauctiondetails -->
  <testcase name="suggestfornewgroup" time="0.000" classname="com.altius.automation.Suggestfornewgroup">
    <skipped/>
  </testcase> <!-- suggestfornewgroup -->
  <testcase name="wrongUN" time="0.000" classname="com.altius.automation.Suggestfornewgroup">
    <skipped/>
  </testcase> <!-- wrongUN -->
  <testcase name="groupaddition" time="0.000" classname="com.altius.automation.Suggestfornewgroup">
    <skipped/>
  </testcase> <!-- groupaddition -->
  <testcase name="addfdrandpsodetails" time="0.000" classname="com.altius.automation.Suggestfornewgroup">
    <skipped/>
  </testcase> <!-- addfdrandpsodetails -->
  <testcase name="wrongPW" time="0.000" classname="com.altius.automation.Suggestfornewgroup">
    <skipped/>
  </testcase> <!-- wrongPW -->
  <testcase name="wrongUNPW" time="0.000" classname="com.altius.automation.Suggestfornewgroup">
    <skipped/>
  </testcase> <!-- wrongUNPW -->
  <testcase name="OnlyCorrectUN" time="0.000" classname="com.altius.automation.Suggestfornewgroup">
    <skipped/>
  </testcase> <!-- OnlyCorrectUN -->
  <testcase name="OnlycorrectPW" time="0.000" classname="com.altius.automation.Suggestfornewgroup">
    <skipped/>
  </testcase> <!-- OnlycorrectPW -->
  <testcase name="branchname" time="0.000" classname="com.altius.automation.Suggestfornewgroup">
    <skipped/>
  </testcase> <!-- branchname -->
  <testcase name="OnlyCorrectUNPW" time="0.000" classname="com.altius.automation.Suggestfornewgroup">
    <skipped/>
  </testcase> <!-- OnlyCorrectUNPW -->
</testsuite> <!-- com.altius.automation.Suggestfornewgroup -->
