<?xml version="1.0" encoding="UTF-8"?>
<!-- Generated by org.testng.reporters.JUnitXMLReporter -->
<testsuite hostname="ATW-7005" ignored="0" name="Browserlaunching" tests="7" failures="0" timestamp="23 Feb 2019 09:24:56 GMT" time="0.407" errors="0">
  <testcase name="@BeforeTest browserlauching" time="0.344" classname="com.altius.automation.Loginpage">
    <failure type="java.lang.IllegalStateException" message="The driver executable does not exist: C:\Anand\DevopsProjects\SVCF\..\Unifi\src\test\resources\chromedriver.exe">
      <![CDATA[java.lang.IllegalStateException: The driver executable does not exist: C:\Anand\DevopsProjects\SVCF\..\Unifi\src\test\resources\chromedriver.exe
at com.google.common.base.Preconditions.checkState(Preconditions.java:585)
at org.openqa.selenium.remote.service.DriverService.checkExecutable(DriverService.java:137)
at org.openqa.selenium.remote.service.DriverService.findExecutable(DriverService.java:132)
at org.openqa.selenium.chrome.ChromeDriverService.access$000(ChromeDriverService.java:35)
at org.openqa.selenium.chrome.ChromeDriverService$Builder.findDefaultExecutable(ChromeDriverService.java:156)
at org.openqa.selenium.remote.service.DriverService$Builder.build(DriverService.java:346)
at org.openqa.selenium.chrome.ChromeDriverService.createDefaultService(ChromeDriverService.java:91)
at org.openqa.selenium.chrome.ChromeDriver.<init>(ChromeDriver.java:123)
at com.altius.automation.Loginpage.browserlauching(Loginpage.java:23)
... Removed 24 stack frames]]>
    </failure>
  </testcase> <!-- @BeforeTest browserlauching -->
  <testcase name="@AfterTest aftertest" time="0.0" classname="com.altius.automation.Loginpage">
    <skipped/>
  </testcase> <!-- @AfterTest aftertest -->
  <testcase name="WithoutUNPW" time="0.0" classname="com.altius.automation.Loginpage">
    <skipped/>
  </testcase> <!-- WithoutUNPW -->
  <testcase name="wrongUN" time="0.0" classname="com.altius.automation.Loginpage">
    <skipped/>
  </testcase> <!-- wrongUN -->
  <testcase name="wrongPW" time="0.0" classname="com.altius.automation.Loginpage">
    <skipped/>
  </testcase> <!-- wrongPW -->
  <testcase name="wrongUNPW" time="0.0" classname="com.altius.automation.Loginpage">
    <skipped/>
  </testcase> <!-- wrongUNPW -->
  <testcase name="OnlyCorrectUN" time="0.0" classname="com.altius.automation.Loginpage">
    <skipped/>
  </testcase> <!-- OnlyCorrectUN -->
  <testcase name="OnlycorrectPW" time="0.0" classname="com.altius.automation.Loginpage">
    <skipped/>
  </testcase> <!-- OnlycorrectPW -->
  <testcase name="OnlyCorrectUNPW" time="0.0" classname="com.altius.automation.Loginpage">
    <skipped/>
  </testcase> <!-- OnlyCorrectUNPW -->
</testsuite> <!-- Browserlaunching -->
