<?xml version="1.0" encoding="UTF-8"?>
<!-- Generated by org.testng.reporters.JUnitXMLReporter -->
<testsuite hostname="ATW-7005" ignored="0" name="Test" tests="8" failures="0" timestamp="13 Apr 2019 05:59:27 GMT" time="21.004" errors="0">
  <testcase name="@BeforeClass methods" time="19.194" classname="com.altius.automation.Logincredentials">
    <failure type="org.openqa.selenium.SessionNotCreatedException" message="session not created
from disconnected: received Inspector.detached event
  (Session info: chrome=73.0.3683.103)
  (Driver info: chromedriver=2.45.615291 (ec3682e3c9061c10f26ea9e5cdcf3c53f3f74387),platform=Windows NT 6.1.7601 SP1 x86_64) (WARNING: The server did not provide any stacktrace information)
Command duration or timeout: 15.45 seconds
Build info: version: &amp;apos;3.14.0&amp;apos;, revision: &amp;apos;aacccce0&amp;apos;, time: &amp;apos;2018-08-02T20:13:22.693Z&amp;apos;
System info: host: &amp;apos;ATW-7005&amp;apos;, ip: &amp;apos;192.168.0.247&amp;apos;, os.name: &amp;apos;Windows 7&amp;apos;, os.arch: &amp;apos;amd64&amp;apos;, os.version: &amp;apos;6.1&amp;apos;, java.version: &amp;apos;1.8.0_191&amp;apos;
Driver info: driver.version: ChromeDriver">
      <![CDATA[org.openqa.selenium.SessionNotCreatedException: session not created
from disconnected: received Inspector.detached event
  (Session info: chrome=73.0.3683.103)
  (Driver info: chromedriver=2.45.615291 (ec3682e3c9061c10f26ea9e5cdcf3c53f3f74387),platform=Windows NT 6.1.7601 SP1 x86_64) (WARNING: The server did not provide any stacktrace information)
Command duration or timeout: 15.45 seconds
Build info: version: '3.14.0', revision: 'aacccce0', time: '2018-08-02T20:13:22.693Z'
System info: host: 'ATW-7005', ip: '192.168.0.247', os.name: 'Windows 7', os.arch: 'amd64', os.version: '6.1', java.version: '1.8.0_191'
Driver info: driver.version: ChromeDriver
at org.openqa.selenium.remote.ErrorHandler.createThrowable(ErrorHandler.java:214)
at org.openqa.selenium.remote.ErrorHandler.throwIfResponseFailed(ErrorHandler.java:166)
at org.openqa.selenium.remote.JsonWireProtocolResponse.lambda$new$0(JsonWireProtocolResponse.java:53)
at org.openqa.selenium.remote.JsonWireProtocolResponse.lambda$getResponseFunction$2(JsonWireProtocolResponse.java:91)
at org.openqa.selenium.remote.ProtocolHandshake.lambda$createSession$0(ProtocolHandshake.java:122)
at java.util.stream.ReferencePipeline$3$1.accept(Unknown Source)
at java.util.Spliterators$ArraySpliterator.tryAdvance(Unknown Source)
at java.util.stream.ReferencePipeline.forEachWithCancel(Unknown Source)
at java.util.stream.AbstractPipeline.copyIntoWithCancel(Unknown Source)
at java.util.stream.AbstractPipeline.copyInto(Unknown Source)
at java.util.stream.AbstractPipeline.wrapAndCopyInto(Unknown Source)
at java.util.stream.FindOps$FindOp.evaluateSequential(Unknown Source)
at java.util.stream.AbstractPipeline.evaluate(Unknown Source)
at java.util.stream.ReferencePipeline.findFirst(Unknown Source)
at org.openqa.selenium.remote.ProtocolHandshake.createSession(ProtocolHandshake.java:125)
at org.openqa.selenium.remote.ProtocolHandshake.createSession(ProtocolHandshake.java:73)
at org.openqa.selenium.remote.HttpCommandExecutor.execute(HttpCommandExecutor.java:136)
at org.openqa.selenium.remote.service.DriverCommandExecutor.execute(DriverCommandExecutor.java:83)
at org.openqa.selenium.remote.RemoteWebDriver.execute(RemoteWebDriver.java:548)
at org.openqa.selenium.remote.RemoteWebDriver.startSession(RemoteWebDriver.java:212)
at org.openqa.selenium.remote.RemoteWebDriver.<init>(RemoteWebDriver.java:130)
at org.openqa.selenium.chrome.ChromeDriver.<init>(ChromeDriver.java:181)
at org.openqa.selenium.chrome.ChromeDriver.<init>(ChromeDriver.java:168)
at org.openqa.selenium.chrome.ChromeDriver.<init>(ChromeDriver.java:123)
at com.altius.automation.Logincredentials.methods(Logincredentials.java:33)
... Removed 30 stack frames]]>
    </failure>
  </testcase> <!-- @BeforeClass methods -->
  <testcase name="@AfterClass afterclass" time="0.0" classname="com.altius.automation.Logincredentials">
    <skipped/>
  </testcase> <!-- @AfterClass afterclass -->
  <testcase name="@AfterTest aftertest" time="0.0" classname="com.altius.automation.Loginpage">
    <skipped/>
  </testcase> <!-- @AfterTest aftertest -->
  <testcase name="WithoutUNPW" time="0.0" classname="com.altius.automation.Loginpage">
    <skipped/>
  </testcase> <!-- WithoutUNPW -->
  <testcase name="wrongUN" time="0.0" classname="com.altius.automation.Loginpage">
    <skipped/>
  </testcase> <!-- wrongUN -->
  <testcase name="wrongPW" time="0.0" classname="com.altius.automation.Loginpage">
    <skipped/>
  </testcase> <!-- wrongPW -->
  <testcase name="wrongUNPW" time="0.0" classname="com.altius.automation.Loginpage">
    <skipped/>
  </testcase> <!-- wrongUNPW -->
  <testcase name="OnlyCorrectUN" time="0.0" classname="com.altius.automation.Loginpage">
    <skipped/>
  </testcase> <!-- OnlyCorrectUN -->
  <testcase name="OnlycorrectPW" time="0.0" classname="com.altius.automation.Loginpage">
    <skipped/>
  </testcase> <!-- OnlycorrectPW -->
  <testcase name="branchname" time="0.0" classname="com.altius.automation.Loginpage">
    <skipped/>
  </testcase> <!-- branchname -->
  <testcase name="OnlyCorrectUNPW" time="0.0" classname="com.altius.automation.Loginpage">
    <skipped/>
  </testcase> <!-- OnlyCorrectUNPW -->
</testsuite> <!-- Test -->
